<?xml version="1.0" encoding="UTF-8"?>
<!-- Generated by org.testng.reporters.JUnitXMLReporter -->
<testsuite hostname="DESKTOP-GVPH1DS" name="LocalTest" tests="1" failures="0" timestamp="20 Jul 2018 14:36:27 GMT" time="0.088" errors="0">
  <testcase name="@BeforeMethod setUp" time="0.0" classname="com.browserstack.LocalTest">
    <failure type="org.json.simple.parser.ParseException">
      <![CDATA[Unexpected character (G) at position 344.
	at org.json.simple.parser.Yylex.yylex(Yylex.java:610)
	at org.json.simple.parser.JSONParser.nextToken(JSONParser.java:269)
	at org.json.simple.parser.JSONParser.parse(JSONParser.java:118)
	at org.json.simple.parser.JSONParser.parse(JSONParser.java:92)
	at com.browserstack.BrowserStackTestNGTest.setUp(BrowserStackTestNGTest.java:30)
... Removed 29 stack frames]]>
    </failure>
  </testcase> <!-- @BeforeMethod setUp -->
  <testcase name="@AfterMethod tearDown" time="0.0" classname="com.browserstack.LocalTest">
    <failure type="java.lang.NullPointerException">
      <![CDATA[java.lang.NullPointerException
	at com.browserstack.BrowserStackTestNGTest.tearDown(BrowserStackTestNGTest.java:78)
... Removed 29 stack frames]]>
    </failure>
  </testcase> <!-- @AfterMethod tearDown -->
  <testcase name="test" time="0.001" classname="com.browserstack.LocalTest">
    <skipped/>
  </testcase> <!-- test -->
</testsuite> <!-- LocalTest -->
