<?xml version="1.0" encoding="UTF-8"?>
<!-- Generated by org.testng.reporters.JUnitXMLReporter -->
<testsuite hostname="DESKTOP-GVPH1DS" name="TestGalaxy8" tests="5" failures="0" timestamp="9 Aug 2018 11:28:47 GMT" time="334.422" errors="0">
  <testcase name="test_01" time="155.715" classname="com.browserstack.suite.SuiteAddARecurrentPay"/>
  <testcase name="test_01" time="173.976" classname="com.browserstack.suite.SuiteAddABill"/>
  <testcase name="test_01" time="182.909" classname="com.browserstack.suite.SuiteAddABillAndAPay"/>
  <testcase name="test_01" time="186.341" classname="com.browserstack.suite.SuiteAddGoals"/>
  <testcase name="test_01" time="284.908" classname="com.browserstack.suite.SuiteAddMultipleBills"/>
</testsuite> <!-- TestGalaxy8 -->
