<?xml version="1.0" encoding="UTF-8"?>
<!-- Generated by org.testng.reporters.JUnitXMLReporter -->
<testsuite hostname="DESKTOP-GVPH1DS" name="TestPixel" tests="3" failures="0" timestamp="23 Jul 2018 17:19:51 GMT" time="249.725" errors="0">
  <testcase name="test_01" time="120.248" classname="com.browserstack.suite.SuiteAddABill"/>
  <testcase name="test_01" time="141.472" classname="com.browserstack.suite.SuiteAddABillAndAPay"/>
  <testcase name="test_01" time="214.775" classname="com.browserstack.suite.SuiteAddMultipleBills"/>
</testsuite> <!-- TestPixel -->
