<?xml version="1.0" encoding="UTF-8"?>
<!-- Generated by org.testng.reporters.JUnitXMLReporter -->
<testsuite hostname="DESKTOP-GVPH1DS" name="TestGalaxy8" tests="5" failures="0" timestamp="10 Aug 2018 11:55:52 GMT" time="327.956" errors="0">
  <testcase name="test_01" time="153.784" classname="com.browserstack.suite.SuiteAddARecurrentPay"/>
  <testcase name="test_01" time="164.745" classname="com.browserstack.suite.SuiteAddABill"/>
  <testcase name="test_01" time="171.1" classname="com.browserstack.suite.SuiteAddGoals"/>
  <testcase name="test_01" time="182.66" classname="com.browserstack.suite.SuiteAddABillAndAPay"/>
  <testcase name="test_01" time="280.036" classname="com.browserstack.suite.SuiteAddMultipleBills"/>
</testsuite> <!-- TestGalaxy8 -->
