<?xml version="1.0" encoding="UTF-8"?>
<!-- Generated by org.testng.reporters.JUnitXMLReporter -->
<testsuite hostname="DESKTOP-GVPH1DS" name="TestGalaxy7" tests="6" failures="6" timestamp="7 Aug 2018 06:37:18 GMT" time="547.74" errors="0">
  <testcase name="test_01" time="140.201" classname="com.browserstack.suite.SuiteAddARecurrentPay">
    <failure type="org.openqa.selenium.NoSuchElementException" message="An element could not be located on the page using the given search parameters. (WARNING: The server did not provide any stacktrace information)
Command duration or timeout: 5.46 seconds
For documentation on this error, please visit: http://seleniumhq.org/exceptions/no_such_element.html
Build info: version: &amp;apos;2.52.0&amp;apos;, revision: &amp;apos;4c2593cfc3689a7fcd7be52549167e5ccc93ad28&amp;apos;, time: &amp;apos;2016-02-11 11:22:43&amp;apos;
System info: host: &amp;apos;DESKTOP-GVPH1DS&amp;apos;, ip: &amp;apos;192.168.1.104&amp;apos;, os.name: &amp;apos;Windows 10&amp;apos;, os.arch: &amp;apos;amd64&amp;apos;, os.version: &amp;apos;10.0&amp;apos;, java.version: &amp;apos;1.8.0_171&amp;apos;
Driver info: io.appium.java_client.android.AndroidDriver
Capabilities [{appPackage=com.mmfais.app, browserstack.tunnelIdentifier=, browserstack.appiumLogs=true, bundleID=com.mmfais.app, deviceName=samsung galaxy s7, platform=ANDROID, browserstack.deviceLogs=true, browserstack.video.disableWaterMark=true, acceptSslCerts=false, nativeWebScreenshot=true, acceptSslCert=false, automationName=uiautomator2, platformName=android, udid=988678454a304b4e4c, 64bit=false, appium_port=38084, browserstack.debug=true, systemPort=8204, browserstack.minOSVersion=5.0, browserstack.ie.noFlash=false, os_version=, mobile={browser=mobile, version=Samsung Galaxy S7-6.0}, version=, appActivity=com.mmfais.app.MainActivity, browserstack.video=true, orig_os=android, realMobile=true, device=samsung galaxy s7, browserstack.callbackStop=true, proxy_type=node}]
Session ID: 96a13e6a1379664e42258ecfa00db848341a6a9b
*** Element info: {Using=-android uiautomator, value=UiSelector().textMatches(&amp;quot;Save&amp;quot;)}">
      <![CDATA[org.openqa.selenium.NoSuchElementException: An element could not be located on the page using the given search parameters. (WARNING: The server did not provide any stacktrace information)
Command duration or timeout: 5.46 seconds
For documentation on this error, please visit: http://seleniumhq.org/exceptions/no_such_element.html
Build info: version: '2.52.0', revision: '4c2593cfc3689a7fcd7be52549167e5ccc93ad28', time: '2016-02-11 11:22:43'
System info: host: 'DESKTOP-GVPH1DS', ip: '192.168.1.104', os.name: 'Windows 10', os.arch: 'amd64', os.version: '10.0', java.version: '1.8.0_171'
Driver info: io.appium.java_client.android.AndroidDriver
Capabilities [{appPackage=com.mmfais.app, browserstack.tunnelIdentifier=, browserstack.appiumLogs=true, bundleID=com.mmfais.app, deviceName=samsung galaxy s7, platform=ANDROID, browserstack.deviceLogs=true, browserstack.video.disableWaterMark=true, acceptSslCerts=false, nativeWebScreenshot=true, acceptSslCert=false, automationName=uiautomator2, platformName=android, udid=988678454a304b4e4c, 64bit=false, appium_port=38084, browserstack.debug=true, systemPort=8204, browserstack.minOSVersion=5.0, browserstack.ie.noFlash=false, os_version=, mobile={browser=mobile, version=Samsung Galaxy S7-6.0}, version=, appActivity=com.mmfais.app.MainActivity, browserstack.video=true, orig_os=android, realMobile=true, device=samsung galaxy s7, browserstack.callbackStop=true, proxy_type=node}]
Session ID: 96a13e6a1379664e42258ecfa00db848341a6a9b
*** Element info: {Using=-android uiautomator, value=UiSelector().textMatches("Save")}
	at org.openqa.selenium.remote.ErrorHandler.createThrowable(ErrorHandler.java:206)
	at org.openqa.selenium.remote.ErrorHandler.throwIfResponseFailed(ErrorHandler.java:158)
	at org.openqa.selenium.remote.RemoteWebDriver.execute(RemoteWebDriver.java:678)
	at io.appium.java_client.DefaultGenericMobileDriver.execute(DefaultGenericMobileDriver.java:40)
	at io.appium.java_client.AppiumDriver.execute(AppiumDriver.java:1)
	at io.appium.java_client.android.AndroidDriver.execute(AndroidDriver.java:1)
	at org.openqa.selenium.remote.RemoteWebDriver.findElement(RemoteWebDriver.java:363)
	at io.appium.java_client.DefaultGenericMobileDriver.findElement(DefaultGenericMobileDriver.java:56)
	at io.appium.java_client.AppiumDriver.findElement(AppiumDriver.java:1)
	at io.appium.java_client.android.AndroidDriver.findElement(AndroidDriver.java:1)
	at io.appium.java_client.android.AndroidDriver.findElementByAndroidUIAutomator(AndroidDriver.java:365)
	at com.browserstack.suite.SuiteAddARecurrentPay.test_01(SuiteAddARecurrentPay.java:61)
	at java.util.concurrent.ThreadPoolExecutor.runWorker(ThreadPoolExecutor.java:1149)
	at java.util.concurrent.ThreadPoolExecutor$Worker.run(ThreadPoolExecutor.java:624)
	at java.lang.Thread.run(Thread.java:748)
... Removed 14 stack frames]]>
    </failure>
  </testcase> <!-- test_01 -->
  <testcase name="test_01" time="180.623" classname="com.browserstack.suite.SuiteAddABillAndAPay">
    <failure type="org.openqa.selenium.NoSuchElementException" message="An element could not be located on the page using the given search parameters. (WARNING: The server did not provide any stacktrace information)
Command duration or timeout: 5.29 seconds
For documentation on this error, please visit: http://seleniumhq.org/exceptions/no_such_element.html
Build info: version: &amp;apos;2.52.0&amp;apos;, revision: &amp;apos;4c2593cfc3689a7fcd7be52549167e5ccc93ad28&amp;apos;, time: &amp;apos;2016-02-11 11:22:43&amp;apos;
System info: host: &amp;apos;DESKTOP-GVPH1DS&amp;apos;, ip: &amp;apos;192.168.1.104&amp;apos;, os.name: &amp;apos;Windows 10&amp;apos;, os.arch: &amp;apos;amd64&amp;apos;, os.version: &amp;apos;10.0&amp;apos;, java.version: &amp;apos;1.8.0_171&amp;apos;
Driver info: io.appium.java_client.android.AndroidDriver
Capabilities [{appPackage=com.mmfais.app, browserstack.tunnelIdentifier=, browserstack.appiumLogs=true, bundleID=com.mmfais.app, deviceName=samsung galaxy s7, platform=ANDROID, browserstack.deviceLogs=true, browserstack.video.disableWaterMark=true, acceptSslCerts=false, nativeWebScreenshot=true, acceptSslCert=false, automationName=uiautomator2, platformName=android, udid=9885f6503133564646, 64bit=false, appium_port=38081, browserstack.debug=true, systemPort=8201, browserstack.minOSVersion=5.0, browserstack.ie.noFlash=false, os_version=, mobile={browser=mobile, version=Samsung Galaxy S7-6.0}, version=, appActivity=com.mmfais.app.MainActivity, browserstack.video=true, orig_os=android, realMobile=true, device=samsung galaxy s7, browserstack.callbackStop=true, proxy_type=node}]
Session ID: 9dd9ac28d72bc724f5c0b462793a79a2f3334b8f
*** Element info: {Using=-android uiautomator, value=UiSelector().text(&amp;quot;$225.00&amp;quot;)}">
      <![CDATA[org.openqa.selenium.NoSuchElementException: An element could not be located on the page using the given search parameters. (WARNING: The server did not provide any stacktrace information)
Command duration or timeout: 5.29 seconds
For documentation on this error, please visit: http://seleniumhq.org/exceptions/no_such_element.html
Build info: version: '2.52.0', revision: '4c2593cfc3689a7fcd7be52549167e5ccc93ad28', time: '2016-02-11 11:22:43'
System info: host: 'DESKTOP-GVPH1DS', ip: '192.168.1.104', os.name: 'Windows 10', os.arch: 'amd64', os.version: '10.0', java.version: '1.8.0_171'
Driver info: io.appium.java_client.android.AndroidDriver
Capabilities [{appPackage=com.mmfais.app, browserstack.tunnelIdentifier=, browserstack.appiumLogs=true, bundleID=com.mmfais.app, deviceName=samsung galaxy s7, platform=ANDROID, browserstack.deviceLogs=true, browserstack.video.disableWaterMark=true, acceptSslCerts=false, nativeWebScreenshot=true, acceptSslCert=false, automationName=uiautomator2, platformName=android, udid=9885f6503133564646, 64bit=false, appium_port=38081, browserstack.debug=true, systemPort=8201, browserstack.minOSVersion=5.0, browserstack.ie.noFlash=false, os_version=, mobile={browser=mobile, version=Samsung Galaxy S7-6.0}, version=, appActivity=com.mmfais.app.MainActivity, browserstack.video=true, orig_os=android, realMobile=true, device=samsung galaxy s7, browserstack.callbackStop=true, proxy_type=node}]
Session ID: 9dd9ac28d72bc724f5c0b462793a79a2f3334b8f
*** Element info: {Using=-android uiautomator, value=UiSelector().text("$225.00")}
	at org.openqa.selenium.remote.ErrorHandler.createThrowable(ErrorHandler.java:206)
	at org.openqa.selenium.remote.ErrorHandler.throwIfResponseFailed(ErrorHandler.java:158)
	at org.openqa.selenium.remote.RemoteWebDriver.execute(RemoteWebDriver.java:678)
	at io.appium.java_client.DefaultGenericMobileDriver.execute(DefaultGenericMobileDriver.java:40)
	at io.appium.java_client.AppiumDriver.execute(AppiumDriver.java:1)
	at io.appium.java_client.android.AndroidDriver.execute(AndroidDriver.java:1)
	at org.openqa.selenium.remote.RemoteWebDriver.findElement(RemoteWebDriver.java:363)
	at io.appium.java_client.DefaultGenericMobileDriver.findElement(DefaultGenericMobileDriver.java:56)
	at io.appium.java_client.AppiumDriver.findElement(AppiumDriver.java:1)
	at io.appium.java_client.android.AndroidDriver.findElement(AndroidDriver.java:1)
	at io.appium.java_client.android.AndroidDriver.findElementByAndroidUIAutomator(AndroidDriver.java:365)
	at com.browserstack.suite.SuiteAddABillAndAPay.test_01(SuiteAddABillAndAPay.java:76)
	at java.util.concurrent.ThreadPoolExecutor.runWorker(ThreadPoolExecutor.java:1149)
	at java.util.concurrent.ThreadPoolExecutor$Worker.run(ThreadPoolExecutor.java:624)
	at java.lang.Thread.run(Thread.java:748)
... Removed 14 stack frames]]>
    </failure>
  </testcase> <!-- test_01 -->
  <testcase name="test_01" time="247.524" classname="com.browserstack.suite.SuiteAddMultipleBills">
    <failure type="org.openqa.selenium.NoSuchElementException" message="An element could not be located on the page using the given search parameters. (WARNING: The server did not provide any stacktrace information)
Command duration or timeout: 5.74 seconds
For documentation on this error, please visit: http://seleniumhq.org/exceptions/no_such_element.html
Build info: version: &amp;apos;2.52.0&amp;apos;, revision: &amp;apos;4c2593cfc3689a7fcd7be52549167e5ccc93ad28&amp;apos;, time: &amp;apos;2016-02-11 11:22:43&amp;apos;
System info: host: &amp;apos;DESKTOP-GVPH1DS&amp;apos;, ip: &amp;apos;192.168.1.104&amp;apos;, os.name: &amp;apos;Windows 10&amp;apos;, os.arch: &amp;apos;amd64&amp;apos;, os.version: &amp;apos;10.0&amp;apos;, java.version: &amp;apos;1.8.0_171&amp;apos;
Driver info: io.appium.java_client.android.AndroidDriver
Capabilities [{appPackage=com.mmfais.app, browserstack.tunnelIdentifier=, browserstack.appiumLogs=true, bundleID=com.mmfais.app, deviceName=samsung galaxy s7, platform=ANDROID, browserstack.deviceLogs=true, browserstack.video.disableWaterMark=true, acceptSslCerts=false, nativeWebScreenshot=true, acceptSslCert=false, automationName=uiautomator2, platformName=android, udid=ce051605cd277a0404, 64bit=false, appium_port=38086, browserstack.debug=true, systemPort=8206, browserstack.minOSVersion=5.0, browserstack.ie.noFlash=false, os_version=, mobile={browser=mobile, version=Samsung Galaxy S7-6.0}, version=, appActivity=com.mmfais.app.MainActivity, browserstack.video=true, orig_os=android, realMobile=true, device=samsung galaxy s7, browserstack.callbackStop=true, proxy_type=node}]
Session ID: 5526c72180a8be1b20ade4d7aca8da264aa5edb2
*** Element info: {Using=-android uiautomator, value=UiSelector().text(&amp;quot;$169.00&amp;quot;)}">
      <![CDATA[org.openqa.selenium.NoSuchElementException: An element could not be located on the page using the given search parameters. (WARNING: The server did not provide any stacktrace information)
Command duration or timeout: 5.74 seconds
For documentation on this error, please visit: http://seleniumhq.org/exceptions/no_such_element.html
Build info: version: '2.52.0', revision: '4c2593cfc3689a7fcd7be52549167e5ccc93ad28', time: '2016-02-11 11:22:43'
System info: host: 'DESKTOP-GVPH1DS', ip: '192.168.1.104', os.name: 'Windows 10', os.arch: 'amd64', os.version: '10.0', java.version: '1.8.0_171'
Driver info: io.appium.java_client.android.AndroidDriver
Capabilities [{appPackage=com.mmfais.app, browserstack.tunnelIdentifier=, browserstack.appiumLogs=true, bundleID=com.mmfais.app, deviceName=samsung galaxy s7, platform=ANDROID, browserstack.deviceLogs=true, browserstack.video.disableWaterMark=true, acceptSslCerts=false, nativeWebScreenshot=true, acceptSslCert=false, automationName=uiautomator2, platformName=android, udid=ce051605cd277a0404, 64bit=false, appium_port=38086, browserstack.debug=true, systemPort=8206, browserstack.minOSVersion=5.0, browserstack.ie.noFlash=false, os_version=, mobile={browser=mobile, version=Samsung Galaxy S7-6.0}, version=, appActivity=com.mmfais.app.MainActivity, browserstack.video=true, orig_os=android, realMobile=true, device=samsung galaxy s7, browserstack.callbackStop=true, proxy_type=node}]
Session ID: 5526c72180a8be1b20ade4d7aca8da264aa5edb2
*** Element info: {Using=-android uiautomator, value=UiSelector().text("$169.00")}
	at org.openqa.selenium.remote.ErrorHandler.createThrowable(ErrorHandler.java:206)
	at org.openqa.selenium.remote.ErrorHandler.throwIfResponseFailed(ErrorHandler.java:158)
	at org.openqa.selenium.remote.RemoteWebDriver.execute(RemoteWebDriver.java:678)
	at io.appium.java_client.DefaultGenericMobileDriver.execute(DefaultGenericMobileDriver.java:40)
	at io.appium.java_client.AppiumDriver.execute(AppiumDriver.java:1)
	at io.appium.java_client.android.AndroidDriver.execute(AndroidDriver.java:1)
	at org.openqa.selenium.remote.RemoteWebDriver.findElement(RemoteWebDriver.java:363)
	at io.appium.java_client.DefaultGenericMobileDriver.findElement(DefaultGenericMobileDriver.java:56)
	at io.appium.java_client.AppiumDriver.findElement(AppiumDriver.java:1)
	at io.appium.java_client.android.AndroidDriver.findElement(AndroidDriver.java:1)
	at io.appium.java_client.android.AndroidDriver.findElementByAndroidUIAutomator(AndroidDriver.java:365)
	at com.browserstack.suite.SuiteAddMultipleBills.test_01(SuiteAddMultipleBills.java:103)
	at java.util.concurrent.ThreadPoolExecutor.runWorker(ThreadPoolExecutor.java:1149)
	at java.util.concurrent.ThreadPoolExecutor$Worker.run(ThreadPoolExecutor.java:624)
	at java.lang.Thread.run(Thread.java:748)
... Removed 14 stack frames]]>
    </failure>
  </testcase> <!-- test_01 -->
  <testcase name="test_01" time="122.536" classname="com.browserstack.suite.SuiteAddGoals">
    <failure type="org.openqa.selenium.NoSuchElementException" message="An element could not be located on the page using the given search parameters. (WARNING: The server did not provide any stacktrace information)
Command duration or timeout: 5.22 seconds
For documentation on this error, please visit: http://seleniumhq.org/exceptions/no_such_element.html
Build info: version: &amp;apos;2.52.0&amp;apos;, revision: &amp;apos;4c2593cfc3689a7fcd7be52549167e5ccc93ad28&amp;apos;, time: &amp;apos;2016-02-11 11:22:43&amp;apos;
System info: host: &amp;apos;DESKTOP-GVPH1DS&amp;apos;, ip: &amp;apos;192.168.1.104&amp;apos;, os.name: &amp;apos;Windows 10&amp;apos;, os.arch: &amp;apos;amd64&amp;apos;, os.version: &amp;apos;10.0&amp;apos;, java.version: &amp;apos;1.8.0_171&amp;apos;
Driver info: io.appium.java_client.android.AndroidDriver
Capabilities [{appPackage=com.mmfais.app, browserstack.tunnelIdentifier=, browserstack.appiumLogs=true, bundleID=com.mmfais.app, deviceName=samsung galaxy s7, platform=ANDROID, browserstack.deviceLogs=true, browserstack.video.disableWaterMark=true, acceptSslCerts=false, nativeWebScreenshot=true, acceptSslCert=false, automationName=uiautomator2, platformName=android, udid=988627305052554552, 64bit=false, appium_port=38084, browserstack.debug=true, systemPort=8204, browserstack.minOSVersion=5.0, browserstack.ie.noFlash=false, os_version=, mobile={browser=mobile, version=Samsung Galaxy S7-6.0}, version=, appActivity=com.mmfais.app.MainActivity, browserstack.video=true, orig_os=android, realMobile=true, device=samsung galaxy s7, browserstack.callbackStop=true, proxy_type=node}]
Session ID: d70d14479db26580761fef10f26593390fc0911b
*** Element info: {Using=-android uiautomator, value=UiSelector().textMatches(&amp;quot;Enter payee name&amp;quot;)}">
      <![CDATA[org.openqa.selenium.NoSuchElementException: An element could not be located on the page using the given search parameters. (WARNING: The server did not provide any stacktrace information)
Command duration or timeout: 5.22 seconds
For documentation on this error, please visit: http://seleniumhq.org/exceptions/no_such_element.html
Build info: version: '2.52.0', revision: '4c2593cfc3689a7fcd7be52549167e5ccc93ad28', time: '2016-02-11 11:22:43'
System info: host: 'DESKTOP-GVPH1DS', ip: '192.168.1.104', os.name: 'Windows 10', os.arch: 'amd64', os.version: '10.0', java.version: '1.8.0_171'
Driver info: io.appium.java_client.android.AndroidDriver
Capabilities [{appPackage=com.mmfais.app, browserstack.tunnelIdentifier=, browserstack.appiumLogs=true, bundleID=com.mmfais.app, deviceName=samsung galaxy s7, platform=ANDROID, browserstack.deviceLogs=true, browserstack.video.disableWaterMark=true, acceptSslCerts=false, nativeWebScreenshot=true, acceptSslCert=false, automationName=uiautomator2, platformName=android, udid=988627305052554552, 64bit=false, appium_port=38084, browserstack.debug=true, systemPort=8204, browserstack.minOSVersion=5.0, browserstack.ie.noFlash=false, os_version=, mobile={browser=mobile, version=Samsung Galaxy S7-6.0}, version=, appActivity=com.mmfais.app.MainActivity, browserstack.video=true, orig_os=android, realMobile=true, device=samsung galaxy s7, browserstack.callbackStop=true, proxy_type=node}]
Session ID: d70d14479db26580761fef10f26593390fc0911b
*** Element info: {Using=-android uiautomator, value=UiSelector().textMatches("Enter payee name")}
	at org.openqa.selenium.remote.ErrorHandler.createThrowable(ErrorHandler.java:206)
	at org.openqa.selenium.remote.ErrorHandler.throwIfResponseFailed(ErrorHandler.java:158)
	at org.openqa.selenium.remote.RemoteWebDriver.execute(RemoteWebDriver.java:678)
	at io.appium.java_client.DefaultGenericMobileDriver.execute(DefaultGenericMobileDriver.java:40)
	at io.appium.java_client.AppiumDriver.execute(AppiumDriver.java:1)
	at io.appium.java_client.android.AndroidDriver.execute(AndroidDriver.java:1)
	at org.openqa.selenium.remote.RemoteWebDriver.findElement(RemoteWebDriver.java:363)
	at io.appium.java_client.DefaultGenericMobileDriver.findElement(DefaultGenericMobileDriver.java:56)
	at io.appium.java_client.AppiumDriver.findElement(AppiumDriver.java:1)
	at io.appium.java_client.android.AndroidDriver.findElement(AndroidDriver.java:1)
	at io.appium.java_client.android.AndroidDriver.findElementByAndroidUIAutomator(AndroidDriver.java:365)
	at com.browserstack.suite.SuiteAddGoals.test_01(SuiteAddGoals.java:53)
	at java.util.concurrent.ThreadPoolExecutor.runWorker(ThreadPoolExecutor.java:1149)
	at java.util.concurrent.ThreadPoolExecutor$Worker.run(ThreadPoolExecutor.java:624)
	at java.lang.Thread.run(Thread.java:748)
... Removed 14 stack frames]]>
    </failure>
  </testcase> <!-- test_01 -->
  <testcase name="test_01" time="157.11" classname="com.browserstack.suite.SuiteReconcile">
    <failure type="org.openqa.selenium.NoSuchElementException" message="An element could not be located on the page using the given search parameters. (WARNING: The server did not provide any stacktrace information)
Command duration or timeout: 5.57 seconds
For documentation on this error, please visit: http://seleniumhq.org/exceptions/no_such_element.html
Build info: version: &amp;apos;2.52.0&amp;apos;, revision: &amp;apos;4c2593cfc3689a7fcd7be52549167e5ccc93ad28&amp;apos;, time: &amp;apos;2016-02-11 11:22:43&amp;apos;
System info: host: &amp;apos;DESKTOP-GVPH1DS&amp;apos;, ip: &amp;apos;192.168.1.104&amp;apos;, os.name: &amp;apos;Windows 10&amp;apos;, os.arch: &amp;apos;amd64&amp;apos;, os.version: &amp;apos;10.0&amp;apos;, java.version: &amp;apos;1.8.0_171&amp;apos;
Driver info: io.appium.java_client.android.AndroidDriver
Capabilities [{appPackage=com.mmfais.app, browserstack.tunnelIdentifier=, browserstack.appiumLogs=true, bundleID=com.mmfais.app, deviceName=samsung galaxy s7, platform=ANDROID, browserstack.deviceLogs=true, browserstack.video.disableWaterMark=true, acceptSslCerts=false, nativeWebScreenshot=true, acceptSslCert=false, automationName=uiautomator2, platformName=android, udid=ce051605cde8691c04, 64bit=false, appium_port=38080, browserstack.debug=true, systemPort=8200, browserstack.minOSVersion=5.0, browserstack.ie.noFlash=false, os_version=, mobile={browser=mobile, version=Samsung Galaxy S7-6.0}, version=, appActivity=com.mmfais.app.MainActivity, browserstack.video=true, orig_os=android, realMobile=true, device=samsung galaxy s7, browserstack.callbackStop=true, proxy_type=node}]
Session ID: 759a158518b59d18c1585cd0e21b8a1d0e10fa95
*** Element info: {Using=-android uiautomator, value=UiSelector().text(&amp;quot;$Click to add new balance&amp;quot;)}">
      <![CDATA[org.openqa.selenium.NoSuchElementException: An element could not be located on the page using the given search parameters. (WARNING: The server did not provide any stacktrace information)
Command duration or timeout: 5.57 seconds
For documentation on this error, please visit: http://seleniumhq.org/exceptions/no_such_element.html
Build info: version: '2.52.0', revision: '4c2593cfc3689a7fcd7be52549167e5ccc93ad28', time: '2016-02-11 11:22:43'
System info: host: 'DESKTOP-GVPH1DS', ip: '192.168.1.104', os.name: 'Windows 10', os.arch: 'amd64', os.version: '10.0', java.version: '1.8.0_171'
Driver info: io.appium.java_client.android.AndroidDriver
Capabilities [{appPackage=com.mmfais.app, browserstack.tunnelIdentifier=, browserstack.appiumLogs=true, bundleID=com.mmfais.app, deviceName=samsung galaxy s7, platform=ANDROID, browserstack.deviceLogs=true, browserstack.video.disableWaterMark=true, acceptSslCerts=false, nativeWebScreenshot=true, acceptSslCert=false, automationName=uiautomator2, platformName=android, udid=ce051605cde8691c04, 64bit=false, appium_port=38080, browserstack.debug=true, systemPort=8200, browserstack.minOSVersion=5.0, browserstack.ie.noFlash=false, os_version=, mobile={browser=mobile, version=Samsung Galaxy S7-6.0}, version=, appActivity=com.mmfais.app.MainActivity, browserstack.video=true, orig_os=android, realMobile=true, device=samsung galaxy s7, browserstack.callbackStop=true, proxy_type=node}]
Session ID: 759a158518b59d18c1585cd0e21b8a1d0e10fa95
*** Element info: {Using=-android uiautomator, value=UiSelector().text("$Click to add new balance")}
	at org.openqa.selenium.remote.ErrorHandler.createThrowable(ErrorHandler.java:206)
	at org.openqa.selenium.remote.ErrorHandler.throwIfResponseFailed(ErrorHandler.java:158)
	at org.openqa.selenium.remote.RemoteWebDriver.execute(RemoteWebDriver.java:678)
	at io.appium.java_client.DefaultGenericMobileDriver.execute(DefaultGenericMobileDriver.java:40)
	at io.appium.java_client.AppiumDriver.execute(AppiumDriver.java:1)
	at io.appium.java_client.android.AndroidDriver.execute(AndroidDriver.java:1)
	at org.openqa.selenium.remote.RemoteWebDriver.findElement(RemoteWebDriver.java:363)
	at io.appium.java_client.DefaultGenericMobileDriver.findElement(DefaultGenericMobileDriver.java:56)
	at io.appium.java_client.AppiumDriver.findElement(AppiumDriver.java:1)
	at io.appium.java_client.android.AndroidDriver.findElement(AndroidDriver.java:1)
	at io.appium.java_client.android.AndroidDriver.findElementByAndroidUIAutomator(AndroidDriver.java:365)
	at com.browserstack.suite.SuiteReconcile.test_01(SuiteReconcile.java:64)
	at java.util.concurrent.ThreadPoolExecutor.runWorker(ThreadPoolExecutor.java:1149)
	at java.util.concurrent.ThreadPoolExecutor$Worker.run(ThreadPoolExecutor.java:624)
	at java.lang.Thread.run(Thread.java:748)
... Removed 14 stack frames]]>
    </failure>
  </testcase> <!-- test_01 -->
  <testcase name="test_01" time="168.675" classname="com.browserstack.suite.SuiteAddABill">
    <failure type="org.openqa.selenium.NoSuchElementException" message="An element could not be located on the page using the given search parameters. (WARNING: The server did not provide any stacktrace information)
Command duration or timeout: 5.68 seconds
For documentation on this error, please visit: http://seleniumhq.org/exceptions/no_such_element.html
Build info: version: &amp;apos;2.52.0&amp;apos;, revision: &amp;apos;4c2593cfc3689a7fcd7be52549167e5ccc93ad28&amp;apos;, time: &amp;apos;2016-02-11 11:22:43&amp;apos;
System info: host: &amp;apos;DESKTOP-GVPH1DS&amp;apos;, ip: &amp;apos;192.168.1.104&amp;apos;, os.name: &amp;apos;Windows 10&amp;apos;, os.arch: &amp;apos;amd64&amp;apos;, os.version: &amp;apos;10.0&amp;apos;, java.version: &amp;apos;1.8.0_171&amp;apos;
Driver info: io.appium.java_client.android.AndroidDriver
Capabilities [{appPackage=com.mmfais.app, browserstack.tunnelIdentifier=, browserstack.appiumLogs=true, bundleID=com.mmfais.app, deviceName=samsung galaxy s7, platform=ANDROID, browserstack.deviceLogs=true, browserstack.video.disableWaterMark=true, acceptSslCerts=false, nativeWebScreenshot=true, acceptSslCert=false, automationName=uiautomator2, platformName=android, udid=988627435832593753, 64bit=false, appium_port=38082, browserstack.debug=true, systemPort=8202, browserstack.minOSVersion=5.0, browserstack.ie.noFlash=false, os_version=, mobile={browser=mobile, version=Samsung Galaxy S7-6.0}, version=, appActivity=com.mmfais.app.MainActivity, browserstack.video=true, orig_os=android, realMobile=true, device=samsung galaxy s7, browserstack.callbackStop=true, proxy_type=node}]
Session ID: c243d488d8e4a59a189247370f366cf07b1587fb
*** Element info: {Using=-android uiautomator, value=UiSelector().text(&amp;quot;£180.30&amp;quot;)}">
      <![CDATA[org.openqa.selenium.NoSuchElementException: An element could not be located on the page using the given search parameters. (WARNING: The server did not provide any stacktrace information)
Command duration or timeout: 5.68 seconds
For documentation on this error, please visit: http://seleniumhq.org/exceptions/no_such_element.html
Build info: version: '2.52.0', revision: '4c2593cfc3689a7fcd7be52549167e5ccc93ad28', time: '2016-02-11 11:22:43'
System info: host: 'DESKTOP-GVPH1DS', ip: '192.168.1.104', os.name: 'Windows 10', os.arch: 'amd64', os.version: '10.0', java.version: '1.8.0_171'
Driver info: io.appium.java_client.android.AndroidDriver
Capabilities [{appPackage=com.mmfais.app, browserstack.tunnelIdentifier=, browserstack.appiumLogs=true, bundleID=com.mmfais.app, deviceName=samsung galaxy s7, platform=ANDROID, browserstack.deviceLogs=true, browserstack.video.disableWaterMark=true, acceptSslCerts=false, nativeWebScreenshot=true, acceptSslCert=false, automationName=uiautomator2, platformName=android, udid=988627435832593753, 64bit=false, appium_port=38082, browserstack.debug=true, systemPort=8202, browserstack.minOSVersion=5.0, browserstack.ie.noFlash=false, os_version=, mobile={browser=mobile, version=Samsung Galaxy S7-6.0}, version=, appActivity=com.mmfais.app.MainActivity, browserstack.video=true, orig_os=android, realMobile=true, device=samsung galaxy s7, browserstack.callbackStop=true, proxy_type=node}]
Session ID: c243d488d8e4a59a189247370f366cf07b1587fb
*** Element info: {Using=-android uiautomator, value=UiSelector().text("£180.30")}
	at org.openqa.selenium.remote.ErrorHandler.createThrowable(ErrorHandler.java:206)
	at org.openqa.selenium.remote.ErrorHandler.throwIfResponseFailed(ErrorHandler.java:158)
	at org.openqa.selenium.remote.RemoteWebDriver.execute(RemoteWebDriver.java:678)
	at io.appium.java_client.DefaultGenericMobileDriver.execute(DefaultGenericMobileDriver.java:40)
	at io.appium.java_client.AppiumDriver.execute(AppiumDriver.java:1)
	at io.appium.java_client.android.AndroidDriver.execute(AndroidDriver.java:1)
	at org.openqa.selenium.remote.RemoteWebDriver.findElement(RemoteWebDriver.java:363)
	at io.appium.java_client.DefaultGenericMobileDriver.findElement(DefaultGenericMobileDriver.java:56)
	at io.appium.java_client.AppiumDriver.findElement(AppiumDriver.java:1)
	at io.appium.java_client.android.AndroidDriver.findElement(AndroidDriver.java:1)
	at io.appium.java_client.android.AndroidDriver.findElementByAndroidUIAutomator(AndroidDriver.java:365)
	at com.browserstack.suite.SuiteAddABill.test_01(SuiteAddABill.java:67)
	at java.util.concurrent.ThreadPoolExecutor.runWorker(ThreadPoolExecutor.java:1149)
	at java.util.concurrent.ThreadPoolExecutor$Worker.run(ThreadPoolExecutor.java:624)
	at java.lang.Thread.run(Thread.java:748)
... Removed 14 stack frames]]>
    </failure>
  </testcase> <!-- test_01 -->
</testsuite> <!-- TestGalaxy7 -->
