<?xml version="1.0" encoding="UTF-8"?>
<!-- Generated by org.testng.reporters.JUnitXMLReporter -->
<testsuite hostname="DESKTOP-GVPH1DS" name="TestGalaxyNote4" tests="4" failures="0" timestamp="8 Aug 2018 08:11:48 GMT" time="452.143" errors="0">
  <testcase name="test_01" time="155.937" classname="com.browserstack.suite.SuiteAddARecurrentPay"/>
  <testcase name="test_01" time="172.523" classname="com.browserstack.suite.SuiteAddGoals"/>
  <testcase name="test_01" time="180.026" classname="com.browserstack.suite.SuiteAddABillAndAPay"/>
  <testcase name="test_01" time="162.536" classname="com.browserstack.suite.SuiteAddABill"/>
</testsuite> <!-- TestGalaxyNote4 -->
